<?xml version="1.0" encoding="UTF-8"?>
<!-- Generated by org.testng.reporters.JUnitReportReporter -->
<testsuite hostname="Erfan" name="com.SimpleMaven.com.SimpleMaven.AppTest" tests="1" failures="0" timestamp="31 Jan 2017 20:31:38 GMT" time="1.527" errors="0">
  <testcase name="run" time="1.527" classname="com.SimpleMaven.com.SimpleMaven.AppTest"/>
</testsuite> <!-- com.SimpleMaven.com.SimpleMaven.AppTest -->
